[    0.000] Lnu verion .10-58enric uidd@lcy01-amd64-013) (cc version 7.4.0 (Ubuntu 7.4.0-1ubuntu1~18.04.1)) #64-Ubuntu SMP Tue Aug 6 11:12:41 UTC 2019 (Ubuntu 4.15.0-58.64-generic 4.15.18)
[    0.000000] Command line: BOOT_IMAGE=/boot/vmlinuz-4.15.0-58-generic root=UUID=a5eb06e2-8eb1-4232-8570-2cc927993946 ro console=tty1 console=ttyS0
[    0.000000] KERNEL supported cpus:
[    0.000000]   Intel GenuineIntel
[    0.000000]   AMD AuthenticAMD
[    0.000000]   Centaur CentaurHauls
[    0.000000] x86/fpu: Supporting XSAVE feature 0x001: 'x87 floating point registers'
[    0.000000] x86/fpu: Supporting XSAVE feature 0x002: 'SSE registers'
[    0.000000] x86/fpu: Supporting XSAVE feature 0x004: 'AVX registers'
[    0.000000] x86/fpu: xstate_offset[2]:  576, xstate_sizes[2]:  256
[    0.000000] x86/fpu: Enabled xstate features 0x7, context size is 832 bytes, using 'standard' format.
[    0.000000] e820: BIOS-provided physical RAM map:
[    0.000000] BIOS-e820: [mem 0x0000000000000000-0x000000000009fbff] usable
[    0.000000] BIOS-e820: [mem 0x000000000009fc00-0x000000000009ffff] reserved
[    0.000000] BIOS-e820: [mem 0x00000000000f0000-0x00000000000fffff] reserved
[    0.000000] BIOS-e820: [mem 0x0000000000100000-0x000000003ffeffff] usable
[    0.000000] BIOS-e820: [mem 0x000000003fff0000-0x000000003fffffff] ACPI data
[    0.000000] BIOS-e820: [mem 0x00000000fec00000-0x00000000fec00fff] reserved
[    0.000000] BIOS-e820: [mem 0x00000000fee00000-0x00000000fee00fff] reserved
[    0.000000] BIOS-e820: [mem 0x00000000fffc0000-0x00000000ffffffff] reserved
[    0.000000] NX (Execute Disable) protection: active
[    0.000000] SMBIOS 2.5 present.
[    0.000000] DMI: innotek GmbH VirtualBox/VirtualBox, BIOS VirtualBox 12/01/2006
[    0.000000] Hypervisor detected: KVM
[    0.000000] e820: last_pfn = 0x3fff0 max_arch_pfn = 0x400000000
[    0.000000] MTRR: Disabled
[    0.000000] x86/PAT: MTRRs disabled, skipping PAT initialization too.
[    0.000000] CPU MTRRs all blank - virtualized system.
[    0.000000] x8/PT:Cofigutin [0-7]: WB  WT  U UC WBWT  C-C  
[    0.000000] found SMP MP-taleat[m 0x09ff0-0x000ffff] mapped at [     (ptral
[    0.0000] Scnig 1 area f low memorry rrpti
[    0.000000] RAMDISK: [mem 0x35983000-0x36cb8fff]
[    0.000000] ACPI: Early table checksum verification disabled
[    0.000000] ACPI: RSDP 0x00000000000E0000 000024 (v02 VBOX  )
[    0.000000] ACPI: XSDT 0x000000003FFF0030 00003C (v01 VBOX   VBOXXSDT 00000001 ASL  00000061)
[    0.000000] ACPI: FACP 0x000000003FFF00F0 0000F4 (v04 VBOX   VBOXFACP 00000001 ASL  00000061)
[    0.000000] ACPI: DSDT 0x000000003FFF0470 0021FF (v02 VBOX   VBOXBIOS 00000002 INTL 20100528)
[    0.000000] ACPI: FACS 0x000000003FFF0200 000040
[    0.000000] ACPI: FACS 0x000000003FFF0200 000040
[    0.000000] ACPI: APIC 0x000000003FFF0240 00005C (v02 VBOX   VBOXAPIC 00000001 ASL  00000061)
[    0.000000] ACPI: SSDT 0x000000003FFF02A0 0001CC (v01 VBOX   VBOXCPUT 00000002 INTL 20100528)
[    0.000000] No NUMA configuration found
[    0.000000] Faking a node at [mem 0x0000000000000000-0x000000003ffeffff]
[    0.000000] NODE_DATA(0) allocated [mem 0x3ffc5000-0x3ffeffff]
[    0.000000] kvm-clock: cpu 0, msr 0:3ff44001, primary cpu clock
[    0.000000] kvm-clock: Using msrs 4b564d01 aand 4b564d00
[    0.000000] kvm-clock: using sched offset of 3843584165 cycles
[    0.000000] clocksource: kvm-clock: mask: 0xffffffffffffffff max_cycles: 0x1cd42e4dffb, max_idle_ns: 881590591483 ns
[    0.000000] Zone ranges:
[    0.000000]   DMA      [mem 0x0000000000001000-0x0000000000ffffff]
[    0.000000]   DMA32    [mem 0x0000000001000000-0x000000003ffeffff]
[    0.000000]   Normal   empty
[    0.000000]   Device   empty
[    0.000000] Movable zone start for each node
[    0.000000] Early memory node ranges
[    0.000000]   node   0: [mem 0x0000000000001000-0x000000000009efff]
[    0.000000]   node   0: [mem 0x0000000000100000-0x000000003ffeffff]
[    0.000000] Reserved but unavailable: 98 pages
[    0.000000] Initmem setup node 0 [mem 0x0000000000001000-0x000000003ffeffff]
[    0.000000] ACPI: PM-Timer IO Port: 0x4008
[    0.000000] IOAPIC[0]: apic_id 2, version 32, address 0xfec00000, GSI 0-23
[    0.000000] ACPI: INT_SRC_OVR (bus 0 bus_irq 0 global_irq 2 dfl dfl)
[    0.000000] ACPI: INT_SRC_OVR (bus 0 bus_irq 9 global_irq 9 low level)
[    0.000000] Using ACPI (MADT) for SMP configuration information
[    0.000000] smpboot: Allowing 2 CPUs, 0 hotplug CPUs
[    0.000000] PM: Registered nosave memory: [mem 0x0000000-00000fff]
[   0.0000] PMReisted osavmeory: me0x00f00-0x09fff]
   0.0000]PM: egtered noav memor: mem 00a0000-x00eff]
[  .00000] PM: Registered nosave memory: [mem 0x000f0000-0x000fffff]
[    0.000000] e820: [mem 0x40000000-0xfebfffff] available for PCI devices
[    0.000000] Booting paravirtualized kernel on KVM
[    0.000000] clocksource: refined-jiffies: mask: 0xffffffff max_cycles: 0xffffffff, max_idle_ns: 7645519600211568 ns
[    0.000000] random: get_random_bytes called from start_kernel+0x99/0x4fd with crng_init=0
[    0.000000] setup_percpu: NR_CPUS:8192 nr_cpumask_bits:2 nr_cpu_ids:2 nr_node_ids:1
[    0.000000] percpu: Embedded 46 pages/cpu @        (ptrval) s151552 r8192 d28672 u1048576
[    0.000000] PV qspinlock hash table entries: 256 (order: 0, 4096 bytes)
[    0.000000] Built 1 zonelists, mobility grouping on.  Total pages: 257913
[    0.000000] Policy zone: DMA32
[    0.000000] Kernel command line: BOOT_IMAGE=/boot/vmlnuz-4.15.0-58-generic root=UUID=a5eb06e2-8eb1-4232-8570-2cc927993946 ro console=tty1 console=ttyS0
[    0.000000] Memory: 982924K/1048120K available (12300K kernel code, 2478K rwta 4280Kodta, 2424 iit, 84 bss, 656K rseed, K a-reseve
[    0.00000 SLUBHWlign64Orde=0, MinObjts0, Cs=, Node=1
[    0.00000] Kernel/User page taleisolation:enabled
[    0.000000] ftrace: allocating 39243 entries in 154 pages
[    0.004000] Hierarchical RCU implementation.
[    0.004000] 	RCU restricting CPUs from NR_CPUS=8192 to nr_cpu_ids=2.
[    0.004000] 	Tasks RCU enabled.
[    0.004000] RCU: Adjusting geometry for rcu_fanout_leaf=16, nr_cpu_ids=2
[    0.004000] NR_IRQS: 524544, nr_irqs: 440, preallocated irqs: 16
[    0.004000] Console: colour VGA+ 80x25
[    0.004000] console [tty1] enabled
[    0.004000] console [ttyS0] enabled
[    0.004000] ACPI: Core revision 20170831
[    0.004000] ACPI: 2 ACPI AML tables successfully acquired and loaded
[    0.004000] APIC: Switch to symmetric I/O mode setup
[    0.004000] x2apic enabled
[    0.004000] Switched APIC routing to physical x2apic.
[    0.004000] ..TIMER: vector=0x30 apic1=0 pin1=2 apic2=-1 pin2=-1
[    0.004003] tsc: Detected 2207.998 MHz processor
[    0.004903] Calibrating delay loop (skipped) preset value.. 4415.99 BogoMIPS (lpj=8831992)
[    0.005659] pid_max: default: 32768 minimum: 301
[    0.008025] Security Framework initialized
[    0.008848] Yama: becoming mindful.
[    0.009571] AppArmor: AppArmor initialized
[    0.010498] Dentry cache hash table entries: 131072 (order: 8, 1048576 bytes)
[    0.012048] Inode-cache hash table entries: 65536 (order: 7, 524288 bytes)
[    0.013447] Mount-cache hash table entries: 2048 (order: 2, 16384 bytes)
[    0.014721] Mountpoint-cache hash table entries: 2048 (order: 2, 16384 bytes)
[    0.016173] mce: CPU supports 0 MCE banks
[    0.016973] Last level iTLB entries: 4KB 64, 2MB 8, 4MB 8
[    0.017989] Last level dTLB entries: 4KB 64, 2MB 0, 4MB 0, 1GB 4
[    0.019107] Spectre V1 : Mitigation: usercopy/swapgs barriers and __user pointer sanitization
[    0.020002] Spectre V2 : Mitigation: Full generic retpoline
[    0.021045] Spectre V2 : Spectre v2 / SpectreRSB mitigation: Filling RSB on context switch
[    0.022583] Speculative Store Bypass: Vulnerable
[    0.024038] MDS: Vulnerable: Clear CPU buffers attempted, no microcode
[    0.025313] Freeing SMP alternatives memory: 36K
[    0.032000] smpboot: CPU0: Intel(R) Core(TM) i7-8750H CPU @ 2.20GHz (family: 0x6, model: 0x9e, stepping: 0xa)
[    0.032056] Performance Events: unsupported p6 CPU model 158 no PMU driver, software events only.
[    0.036028] Hierarchical SRCU implementation.
[    0.040449] NMI watchdog: Perf event create on CPU 0 failed with -2
[    0.044002] NMI watchdog: Perf NMI watchdog permanently disabled
[    0.048063] smp: Bringing up secondary CPUs ...
[    0.052095] x86: Booting SMP configuration:
[    0.053014] .... node  #0, CPUs:      #1
[    0.004000] kvm-clock: cpu 1, msr 0:3ff44041, secondary cpu clock
[    0.004000] mce: CPU supports 0 MCE banks
[    0.059042] smp: Brought up 1 node, 2 CPUs
[    0.060005] smpboot: Max logical packages: 1
[    0.060858] smpboot: Total of 2 processors activated (8831.99 BogoMIPS)
[    0.062218] devtmpfs: initialized
[    0.062218] x86/mm: Memory block size: 128MB
[    0.064111] evm: security.selinux
[    0.064801] evm: security.SMACK64
[    0.065482] evm: security.SMACK64EXEC
[    0.066224] evm: security.SMACK64TRANSMUTE
[    0.067095] evm: security.SMACK64MMAP
[    0.068003] evm: security.apparmor
[    0.068710] evm: security.ima
[    0.069335] evm: security.capability
[    0.070101] clocksource: jiffies: mask: 0xffffffff max_cycles: 0xffffffff, max_idle_ns: 7645041785100000 ns
[    0.072010] futex hash table entries: 512 (order: 3, 32768 bytes)
[    0.073244] pinctrl core: initialized pinctrl subsystem
[    0.075463] RTC time:  5:47:42, date: 08/20/19
[    0.076126] NET: Registered protocol family 16
[    0.077110] audit: initializing netlink subsys (disabled)
[    0.078199] audit: type=2000 audit(1566280063.614:1): state=initialized audit_enabled=0 res=1
[    0.080016] cpuidle: using governor ladder
[    0.080861] cpuidle: using governor menu
[    0.081719] ACPI: bus type PCI registered
[    0.082533] acpiphp: ACPI Hot Plug PCI Controller Driver version: 0.5
[    0.084092] PCI: Using configuration type 1 for base access
[    0.085174] HugeTLB registered 2.00 MiB page size, pre-allocated 0 pages
[    0.088069] ACPI: Added _OSI(Module Device)
[    0.092004] ACPI: Added _OSI(Processor Device)
[    0.096003] ACPI: Added _OSI(3.0 _SCP Extensions)
[    0.100002] ACPI: Added _OSI(Processor Aggregator Device)
[    0.104004] ACPI: Added _OSI(Linux-Dell-Video)
[    0.108003] ACPI: Added _OSI(Linux-Lenovo-NV-HDMI-Audio)
[    0.112003] ACPI: Added _OSI(Linux-HPI-Hybrid-Graphics)
[    0.116346] ACPI: Executed 1 blocks of module-level executable AML code
[    0.125915] ACPI: Interpreter enabled
[    0.128013] ACPI: (supports S0 S5)
[    0.132006] ACPI: Using IOAPIC for interrupt routing
[    0.136209] PCI: Using host bridge windows from ACPI; if necessary, use "pci=nocrs" and report a bug
[    0.138155] ACPI: Enabled 2 GPEs in block 00 to 07
[    0.145307] ACPI: PCI Root Bridge [PCI0] (domain 0000 [bus 00-ff])
[    0.146541] acpi PNP0A03:00: _OSC: OS supports [ASPM ClockPM Segments MSI]
[    0.148023] acpi PNP0A03:00: _OSC: not requesting OS control; OS requires [ExtendedConfig ASPM ClockPM MSI]
[    0.149898] acpi PNP0A03:00: fail to add MMCONFIG information, can't access extended PCI configuration space under this bridge.
[    0.152390] PCI host bridge to bus 0000:00
[    0.153232] pci_bus 0000:00: root bus resource [io  0x0000-0x0cf7 window]
[    0.154529] pci_bus 0000:00: root bus resource [io  0x0d00-0xffff window]
[    0.155866] pci_bus 0000:00: root bus resource [mem 0x000a0000-0x000bffff window]
[    0.156002] pci_bus 0000:00: root bus resource [mem 0x40000000-0xfdffffff window]
[    0.157462] pci_bus 0000:00: root bus resource [bus 00-ff]
[    0.162691] pci 0000:00:01.1: legacy IDE quirk: reg 0x10: [io  0x01f0-0x01f7]
[    0.164002] pci 0000:00:01.1: legacy IDE quirk: reg 0x14: [io  0x03f6]
[    0.165270] pci 0000:00:01.1: legacy IDE quirk: reg 0x18: [io  0x0170-0x0177]
[    0.166635] pci 0000:00:01.1: legacy IDE quirk: reg 0x1c: [io  0x0376]
[    0.180533] pci 0000:00:07.0: quirk: [io  0x4000-0x403f] claimed by PIIX4 ACPI
[    0.184021] pci 0000:00:07.0: quirk: [io  0x4100-0x410f] claimed by PIIX4 SMB
[    0.200071] ACPI: PCI Interrupt Link [LNKA] (IRQs 5 9 10 *11)
[    0.204275] ACPI: PCI Interrupt Link [LNKB] (IRQs 5 9 *10 11)
[    0.208125] ACPI: PCI Interrupt Link [LNKC] (IRQs 5 *9 10 11)
[    0.212122] ACPI: PCI Interrupt Link [LNKD] (IRQs 5 9 10 *11)
[    0.216329] SCSI subsystem initialized
[    0.220053] pci 0000:00:02.0: vgaarb: setting as boot VGA device
[    0.224000] pci 0000:00:02.0: vgaarb: VGA device added: decodes=io+mem,owns=io+mem,locks=none
[    0.224010] pci 0000:00:02.0: vgaarb: bridge control possible
[    0.225131] vgaarb: loaded
[    0.225742] ACPI: bus type USB registered
[    0.226564] usbcore: registered new interface driver usbfs
[    0.228012] usbcore: registered new interface driver hub
[    0.229097] usbcore: registered new device driver usb
[    0.230176] EDAC MC: Ver: 3.0.0
[    0.230176] PCI: Using ACPI for IRQ routing
[    0.232338] NetLabel: Initializing
[    0.233048] NetLabel:  domain hash size = 128
[    0.233919] NetLabel:  protocols = UNLABELED CIPSOv4 CALIPSO
[    0.235052] NetLabel:  unlabeled traffic allowed by default
[    0.236078] clocksource: Switched to clocksource kvm-clock
[    0.247063] VFS: Disk quotas dquot_6.6.0
[    0.247952] VFS: Dquot-cache hash table entries: 512 (order 0, 4096 bytes)
[    0.249423] AppArmor: AppArmor Filesystem Enabled
[    0.250389] pnp: PnP ACPI init
[    0.252250] pnp: PnP ACPI: found 3 devices
[  0628]clocksrc ai_: sk0xff m_cles: 0xffffmaid_n: 208501024 ns
[    10548NE Riser protocol family 2

[    1.303667] TCP established hash table entries: 8192 (order: 4, 65536 bytes)
[    1.305112] TCP bind hash table entries: 8192 (order: 5, 131072 bytes)
[    1.306371] TCP: Hash tables configured (established 8192 bind 8192)
[    1.307603] UDP hash table entries: 512 (order: 2, 16384 bytes)
[    1.308788] UDP-Lite hash table entries: 512 (order: 2, 16384 bytes)
[    1.310024] NET: Registered protocol family 1
[    1.310901] pci 0000:00:00.0: Limiting direct PCI/PCI transfers
[    1.312087] pci 0000:00:01.0: Activating ISA DMA hang workarounds
[    1.313315] pci 0000:00:02.0: Video device with shadowed ROM at [mem 0x000c0000-0x000dffff]
[    1.315021] Unpacking initramfs...
[    1.539943] Freeing initrd memory: 19672K
[    1.628651] clocksource: tsc: mask: 0xffffffffffffffff max_cycles: 0x1fd3b6211b4, max_idle_ns: 440795230313 ns
[    1.859250] platform rtc_cmos: registered platform RTC device (no PNP device found)
[    2.026194] Scanning for low memory corruption every 60 seconds
[    2.193229] Initialise system trusted keyrings
[    2.269725] Key type blacklist registered
[    2.320797] workingset: timestamp_bits=36 max_order=18 bucket_order=0
[    2.368581] zbud: loaded
[    2.369579] squashfs: version 4.0 (2009/01/31) Phillip Lougher
[    2.370983] fuse init (API version 7.26)
[    2.374335] Key type asymmetric registered
[    2.375168] Asymmetric key parser 'x509' registered
[    2.376158] Block layer SCSI generic (bsg) driver version 0.4 loaded (major 246)
[    2.377677] io scheduler noop registered
[    2.378500] io scheduler deadline registered
[    2.379366] io scheduler cfq registered (default)
[    2.380710] ACPI: AC Adapter [AC] (on-line)
[    2.381640] input: Power Button as /devices/LNXSYSTM:00/LNXPWRBN:00/input/input0
[    2.383155] ACPI: Power Button [PWRF]
[    2.383986] input: Sleep Button as /devices/LNXSYSTM:00/LNXSLPBN:00/input/input1
[    2.385459] ACPI: Sleep Button [SLPF]
[    2.386487] Serial: 8250/16550 driver, 32 ports, IRQ sharing enabled
[    2.387436] ACPI: Battery Slot [BAT0] (battery present)
[    2.413493] 00:02: ttyS0 at I/O 0x3f8 (irq = 4, base_baud = 115200) is a 16550A
[    2.618707] Linux agpgart interface v0.103
[    2.709930] loop: module loaded
[    2.772526] scsi host0: ata_piix
[    2.838243] scsi host1: ata_piix
[    2.925673] ata1: PATA max UDMA/33 cmd 0x1f0 ctl 0x3f6 bmdma 0xd000 irq 14
[    3.032347] ata2: PATA max UDMA/33 cmd 0x170 ctl 0x376 bmdma 0xd008 irq 15
[    3.125975] libphy: Fixed MDIO Bus: probed
[    3.203491] tun: Universal TUN/TAP device driver, 1.6
[    3.350156] PPP generic driver version 2.4.2
[    3.441974] ehci_hcd: USB 2.0 'Enhanced' Host Controller (EHCI) Driver
[    3.443333] ehci-pci: EHCI PCI platform driver
[    3.444340] ehci-platform: EHCI generic platform driver
[    3.445392] ohci_hcd: USB 1.1 'Open' Host Controller (OHCI) Driver
[    3.446611] ohci-pci: OHCI PCI platform driver
[    3.447528] ohci-platform: OHCI generic platform driver
[    3.448612] uhci_hcd: USB Universal Host Controller Interface driver
[    3.449909] i8042: PNP: PS/2 Controller [PNP0303:PS2K,PNP0f03:PS2M] at 0x60,0x64 irq 1,12
[    3.451880] serio: i8042 KBD port at 0x60,0x64 irq 1
[    3.452953] serio: i8042 AUX port at 0x60,0x64 irq 12
[    3.454009] mousedev: PS/2 mouse device common for all mice
[    3.455489] rtc_cmos rtc_cmos: rtc core: registered rtc_cmos as rtc0
[    3.456882] rtc_cmos rtc_cmos: alarms up to one day, 114 bytes nvram
[    3.458172] input: AT Translated Set 2 keyboard as /devices/platform/i8042/serio0/input/input2
[    3.459967] i2c /dev entries driver
[    3.460753] device-mapper: uevent: version 1.0.3
[    3.461735] device-mapper: ioctl: 4.37.0-ioctl (2017-09-20) initialised: dm-devel@redhat.com
[    3.463639] ledtrig-cpu: registered to indicate activity on CPUs
[    3.465323] NET: Registered protocol family 10
[    3.469345] Segment Routing with IPv6
[    3.470130] NET: Registered protocol family 17
[    3.471070] Key type dns_resolver registered
[    3.472064] RAS: Correctable Errors collector initialized.
[    3.473130] sched_clock: Marking stable (3472016237, 0)->(10202673431, -6730657194)
[    3.474988] registered taskstats version 1
[    3.475810] Loading compiled-in X.509 certificates
[    3.576722] Loaded X.509 cert 'Build time autogenerated kernel key: e343dd3e31c9820cf0adf0156bc2eecdcfc394af'
[    3.779106] zswap: loaded using pool lzo/zbud
[    3.839293] Key type big_key registered
[    3.915054] Key type trusted registered
[    3.995014] Key type encrypted registered
[    4.054134] AppArmor: AppArmor sha1 policy hashing enabled
[    4.175791] ima: No TPM chip found, activating TPM-bypass! (rc=-19)
[    4.264677] ima: Allocated hash algorithm: sha1
[    4.376327] evm: HMAC attrs: 0x1
[    4.444866]   Magic number: 15:279:770
[    4.497199] rtc_cmos rtc_cmos: setting system clock to 2019-08-20 05:47:49 UTC (1566280069)
[    4.513912] BIOS EDD facility v0.16 2004-Jun-25, 0 devices found
[    4.515104] EDD information not available.
[    4.517976] Freeing unused kernel image memory: 2424K
[    4.538865] Write protecting the kernel read-only data: 20480k
[    4.540542] Freeing unused kernel image memory: 2008K
[    4.541763] Freeing unused kernel image memory: 1864K
[    4.546935] x86/mm: Checked W+X mappings: passed, no W+X pages found.
[    4.859747] x86/mm: Checking user space page tables
[    4.864857] x86/mm: Checked W+X mappings: passed, no W+X pages found.
Loading, please wait...
starting version 237
[    4.917020] e1000: Intel(R) PRO/1000 Network Driver - version 7.3.21-k8-NAPI
[    4.938149] e1000: Copyright (c) 1999-2006 Intel Corporation.
[    4.942133] Fusion MPT base driver 3.04.20
[    4.943150] Copyright (c) 1999-2008 LSI Corporation
[    4.952619] Fusion MPT SPI Host driver 3.04.20
[    4.958384] AVX2 version of gcm_enc/dec engaged.
[    4.959525] AES CTR mode by8 optimization enabled
[    5.149021] input: ImExPS/2 Generic Explorer Mouse as /devices/platform/i8042/serio1/input/input4
[    5.345193] e1000 0000:00:03.0 eth0: (PCI:33MHz:32-bit) 02:26:45:5c:bc:af
[    5.578439] e1000 0000:00:03.0 eth0: Intel(R) PRO/1000 Network Connection
[    5.590777] mptbase: ioc0: Initiating bringup
[    5.685021] ioc0: LSI53C1030 A0: Capabilities={Initiator}
[    6.091511] scsi host2: ioc0: LSI53C1030 A0, FwRev=00000000h, Ports=1, MaxQ=256, IRQ=20
[    6.497490] scsi 2:0:0:0: Direct-Access     VBOX     HARDDISK         1.0  PQ: 0 ANSI: 5
[    6.867346] scsi target2:0:0: Beginning Domain Validation
[    6.892685] e1000 0000:00:08.0 eth1: (PCI:33MHz:32-bit) 08:00:27:d6:4f:83
[    7.009644] scsi target2:0:0: Domain Validation skipping write tests
[    7.109048] e1000 0000:00:08.0 eth1: Intel(R) PRO/1000 Network Connection
[    7.416092] scsi target2:0:0: Ending Domain Validation
[    7.416215] scsi target2:0:0: asynchronous
[    7.730769] e1000 0000:00:08.0 enp0s8: renamed from eth1
[    7.732197] scsi 2:0:1:0: Direct-Access     VBOX     HARDDISK         1.0  PQ: 0 ANSI: 5
[    7.744241] e1000 0000:00:03.0 enp0s3: renamed from eth0
[    7.784203] scsi target2:0:1: Beginning Domain Validation
[    7.940873] random: fast init done
[    7.990241] scsi target2:0:1: Domain Validation skipping write tests
[    8.177755] scsi target2:0:1: Ending Domain Validation
[    8.278127] scsi target2:0:1: asynchronous
[    8.338038] sd 2:0:0:0: Attached scsi generic sg0 type 0
[    8.338055] random: systemd-udevd: uninitialized urandom read (16 bytes read)
[    8.339169] sd 2:0:1:0: Attached scsi generic sg1 type 0
[    8.343044] random: systemd-udevd: uninitialized urandom read (16 bytes read)
[    8.509111] sd 2:0:1:0: [sdb] 20480 512-byte logical blocks: (10.5 MB/10.0 MiB)
[    8.739729] random: systemd-udevd: uninitialized urandom read (16 bytes read)
[    8.798328] sd 2:0:1:0: [sdb] Write Protect is off
[    8.800012] sd 2:0:0:0: [sda] 20971520 512-byte logical blocks: (10.7 GB/10.0 GiB)
[    8.800074] sd 2:0:1:0: [sdb] Incomplete mode parameter data
[    8.803188] sd 2:0:1:0: [sdb] Assuming drive cache: write through
[    8.803216] sd 2:0:0:0: [sda] Write Protect is off
[    8.805916] sd 2:0:0:0: [sda] Incomplete mode parameter data
[    8.806786] sd 2:0:1:0: [sdb] Attached SCSI disk
[    8.807288] sd 2:0:0:0: [sda] Assuming drive cache: write through
[    8.811052]  sda: sda1
[    8.812517] sd 2:0:0:0: [sda] Attached SCSI disk
Begin: Loading essential drivers ... [   10.176224] raid6: sse2x1   gen() 13343 MB/s
[   10.312223] raid6: sse2x1   xor() 10131 MB/s
[   10.432072] raid6: sse2x2   gen() 17325 MB/s
[   10.552267] raid6: sse2x2   xor() 11588 MB/s
[   10.652018] raid6: sse2x4   gen() 19904 MB/s
[   10.760223] raid6: sse2x4   xor() 12494 MB/s
[   10.864111] raid6: avx2x1   gen() 27616 MB/s
[   10.992502] raid6: avx2x1   xor() 18935 MB/s
[   11.152238] raid6: avx2x2   gen() 33226 MB/s
[   11.260452] raid6: avx2x2   xor() 20799 MB/s
[   11.408078] raid6: avx2x4   gen() 37704 MB/s
[   11.548200] raid6: avx2x4   xor() 23449 MB/s
[   11.597502] raid6: using algorithm avx2x4 gen() 37704 MB/s
[   11.684525] raid6: .... xor() 23449 MB/s, rmw enabled
[   11.756454] raid6: using avx2x2 recovery algorithm
[   11.817638] xor: automatically using best checksumming function   avx       
[   12.018380] async_tx: api initialized (async)
done.
Begin: Running /scripts/init-premount ... done.
Begin: Mounting root file system ... Begin: Running /scripts/local-top ... done.
Begin: Running /scripts/local-premount ... [   12.063627] Btrfs loaded, crc32c=crc32c-intel
Scanning for Btrfs filesystems
[   12.245374] EXT4-fs (sda1): INFO: recovery required on readonly filesystem
done.
Warning: [   12.441014] EXT4-fs (sda1): write access will be enabled during recovery
fsck not present, so skipping root file system
[   12.635523] EXT4-fs (sda1): orphan cleanup on readonly fs
[   12.636965] EXT4-fs (sda1): 1 orphan inode deleted
[   12.638202] EXT4-fs (sda1): recovery complete
[   12.641259] EXT4-fs (sda1): mounted filesystem with ordered data mode. Opts: (null)
done.
Begin: Running /scripts/local-bottom ... done.
Begin: Running /scripts/init-bottom ... done.
[   12.793159] ip_tables: (C) 2000-2006 Netfilter Core Team
[   12.799024] systemd[1]: systemd 237 running in system mode. (+PAM +AUDIT +SELINUX +IMA +APPARMOR +SMACK +SYSVINIT +UTMP +LIBCRYPTSETUP +GCRYPT +GNUTLS +ACL +XZ +LZ4 +SECCOMP +BLKID +ELFUTILS +KMOD -IDN2 +IDN -PCRE2 default-hierarchy=hybrid)
[   13.100652] systemd[1]: Detected virtualization oracle.
[   13.101701] systemd[1]: Detected architecture x86-64.

Welcome to [1mUbuntu 18.04.2 LTS[0m!

[   13.110589] systemd[1]: Set hostname to <ubuntu-bionic>.
[   13.363897] systemd[1]: Set up automount Arbitrary Executable File Formats File System Automount Point.
[[0;32m  OK  [0m] Set up automount Arbitrary Executab…rmats File System Automount Point.
[   13.432428] systemd[1]: Created slice User and Session Slice.
[[0;32m  OK  [0m] Created slice User and Session Slice.
[   13.697403] systemd[1]: Created slice System Slice.
[[0;32m  OK  [0m] Created slice System Slice.
[   13.896850] systemd[1]: Listening on Journal Socket (/dev/log).
[[0;32m  OK  [0m] Listening on Journal Socket (/dev/log).
[   14.152656] systemd[1]: Created slice system-serial\x2dgetty.slice.
[[0;32m  OK  [0m] Created slice system-serial\x2dgetty.slice.
[   14.182185] systemd[1]: Listening on /dev/initctl Compatibility Named Pipe.
[[0;32m  OK  [0m] Listening on /dev/initctl Compatibility Named Pipe.
[[0;32m  OK  [0m] Listening on LVM2 poll daemon socket.
[[0;32m  OK  [0m] Listening on Journal Audit Socket.
[[0;32m  OK  [0m] Reached target System Time Synchronized.
[[0;32m  OK  [0m] Listening on Syslog Socket.
[[0;32m  OK  [0m] Listening on Device-mapper event daemon FIFOs.
[[0;32m  OK  [0m] Listening on udev Kernel Socket.
[[0;32m  OK  [0m] Reached target User and Group Name Lookups.
[[0;32m  OK  [0m] Started Forward Password Requests to Wall Directory Watch.
[[0;32m  OK  [0m] Listening on Journal Socket.
         Starting Uncomplicated firewall...
         Mounting Kernel Debug File System...
         Starting Create list of required st…ce nodes for the current kernel...
         Starting Remount[   14.305806] EXT4-fs (sda1): re-mounted. Opts: (null)
 Root and Kernel File Systems...
         Mounting POSIX Message Queue File System...
         Starting Load Kernel Modules...[   14.661059] Loading iSCSI transport class v2.0-870.

         [   14.845415] random: crng init done
Starting Journal[   14.901714] random: 7 urandom warning(s) missed due to ratelimiting
 Service...
[   15.045974] iscsi: registered transport (tcp)
[[0;32m  OK  [0m] Listening on Network Service Netlink Socket.
[[0;32m  OK  [0m] Reached target Swap.
[[0;32m  OK  [0m] Listening on LVM2 metadata daemon socket.
         Starting Monitoring of LVM2 mirrors…ng dmeventd or progress polling...
[[0;32m  OK  [0m] Reached target Slices.
[   15.269509] iscsi: registered transport (iser)
         Mounting Huge Pages File System...
         Starting Set the console keyboard layout...
[[0;32m  OK  [0m] Listening on udev Control Socket.
         Starting udev Coldplug all Devices...
[[0;32m  OK  [0m] Started Journal Service.
[[0;32m  OK  [0m] Started Uncomplicated firewall.
[[0;32m  OK  [0m] Mounted Kernel Debug File System.
[[0;32m  OK  [0m] Started Create list of required sta…vice nodes for the current kernel.
[[0;32m  OK  [0m] Started Remount Root and Kernel File Systems.
[[0;32m  OK  [0m] Mounted POSIX Message Queue File System.
[[0;32m  OK  [0m] Started Load Kernel Modules.
[[0;32m  OK  [0m] Mounted Huge Pages File System.
[[0;32m  OK  [0m] Started Set the console keyboard layout.
[[0;32m  OK  [0m] Started LVM2 metadata daemon.
         Mounting Kernel Configuration File System...
         Starting Apply Kernel Variables...
         Mounting FUSE Control File System...
         Starting Load/Save Random Seed...
         Starting Create Static Device Nodes in /dev...
         Starting Flush Journal to Persistent Storage...
[[0;32m  OK  [0m] Started Monitoring of LVM2 mirrors,…sing dmeventd or progress polling.
[[0;32m  OK  [0m] Started udev Coldplug all Devices.
[[0;32m  OK  [0m] Mounted Kernel Configuration File System.
[[0;32m  OK  [0m] Started Apply Kernel Variables.
[[0;32m  OK  [0m] Mounted FUSE Control File System.
[[0;32m  OK  [0m] Started Load/Save Random Seed.
[[0;32m  OK  [0m] Started Create Static Device Nodes in /dev.
         Starting udev Kernel Device Manager...
[[0;32m  OK  [0m] Reached target Local File Systems (Pre).
[[0;32m  OK  [0m] Reached target Local File Systems.
         Starting ebtables ruleset management...
         Starting AppArmor initialization...
         Starting Tell Plymouth To Write Out Runtime Data...
         Starting Set console font and keymap...
[[0;32m  OK  [0m] Started udev Kernel Device Manager.
[[0;32m  OK  [0m] Started Tell Plymouth To Write Out Runtime Data.
[[0;32m  OK  [0m] Started Set console font and keymap.
[[0;32m  OK  [0m] Started Dispatch Password Requests to Console Directory Watch.
[[0;32m  OK  [0m] Reached target Local Encrypted Volumes.
[[0;32m  OK  [0m] Started ebtables ruleset management.
[[0;32m  OK  [0m] Found device /dev/ttyS0.
[[0;32m  OK  [0m] Started Flush Journal to Persistent Storage.
[[0;32m  OK  [0m] Listening on Load/Save RF Kill Switch Status /dev/rfkill Watch.
         Starting Create Volatile Files and Directories...
[[0;32m  OK  [0m] Started Create Volatile Files and Directories.
[[0;32m  OK  [0m] Started AppArmor initialization.
         Starting Update UTMP about System Boot/Shutdown...
         Starting Initial cloud-init job (pre-networking)...
[[0;32m  OK  [0m] Started Update UTMP about System Boot/Shutdown.
[   17.508123] cloud-init[591]: Cloud-init v. 19.1-1-gbaa47854-0ubuntu1~18.04.1 running 'init-local' at Tue, 20 Aug 2019 05:48:02 +0000. Up 17.34 seconds.
[[0;32m  OK  [0m] Started Initial cloud-init job (pre-networking).
[[0;32m  OK  [0m] Reached target Network (Pre).
         Starting Network Service...
[[0;32m  OK  [0m] Started Network Service.
         Starting Network Name Resolution...
         Starting Wait for Network to be Configured...
[[0;32m  OK  [0m] Started Network Name Resolution.
[[0;32m  OK  [0m] Reached target Host and Network Name Lookups.
[[0;32m  OK  [0m] Reached target Network.
[[0;32m  OK  [0m] Started Wait for Network to be Configured.
         Starting Initial cloud-init job (metadata service crawler)...
[   20.017396] cloud-init[731]: Cloud-init v. 19.1-1-gbaa47854-0ubuntu1~18.04.1 running 'init' at Tue, 20 Aug 2019 05:48:04 +0000. Up 19.91 seconds.
[   20.020120] cloud-init[731]: ci-info: ++++++++++++++++++++++++++++++++++++++Net device info+++++++++++++++++++++++++++++++++++++++
[   20.022355] cloud-init[731]: ci-info: +--------+------+-----------------------------+---------------+--------+-------------------+
[   20.024687] cloud-init[731]: ci-info: | Device |  Up  |           Address           |      Mask     | Scope  |     Hw-Address    |
[   20.026991] cloud-init[731]: ci-info: +--------+------+-----------------------------+---------------+--------+-------------------+
[   20.029335] cloud-init[731]: ci-info: | enp0s3 | True |          10.0.2.15          | 255.255.255.0 | global | 02:26:45:5c:bc:af |
[   20.031604] cloud-init[731]: ci-info: | enp0s3 | True |  fe80::26:45ff:fe5c:bcaf/64 |       .       |  link  | 02:26:45:5c:bc:af |
[   20.033952] cloud-init[731]: ci-info: | enp0s8 | True |        192.168.33.10        | 255.255.255.0 | global | 08:00:27:d6:4f:83 |
[   20.036348] cloud-init[731]: ci-info: | enp0s8 | True | fe80::a00:27ff:fed6:4f83/64 |       .       |  link  | 08:00:27:d6:4f:83 |
[   20.038635] cloud-init[731]: ci-info: |   lo   | True |          127.0.0.1          |   255.0.0.0   |  host  |         .         |
[   20.041167] cloud-init[731]: ci-info: |   lo   | True |           ::1/128           |       .       |  host  |         .         |
[   20.043117] cloud-init[731]: ci-info: +--------+------+-----------------------------+---------------+--------+-------------------+
[   20.045056] cloud-init[731]: ci-info: +++++++++++++++++++++++++++++Route IPv4 info+++++++++++++++++++++++++++++
[   20.080230] cloud-init[731]: ci-info: +-------+--------------+----------+-----------------+-----------+-------+
[   20.087510] cloud-init[731]: ci-info: | Route | Destination  | Gateway  |     Genmask     | Interface | Flags |
[   20.090110] cloud-init[731]: ci-info: +-------+--------------+----------+-----------------+-----------+-------+
[   20.092414] cloud-init[731]: ci-info: |   0   |   0.0.0.0    | 10.0.2.2 |     0.0.0.0     |   enp0s3  |   UG  |
[   20.094594] cloud-init[731]: ci-info: |   1   |   10.0.2.0   | 0.0.0.0  |  255.255.255.0  |   enp0s3  |   U   |
[   20.096702] cloud-init[731]: ci-info: |   2   |   10.0.2.2   | 0.0.0.0  | 255.255.255.255 |   enp0s3  |   UH  |
[   20.098971] cloud-init[731]: ci-info: |   3   | 192.168.33.0 | 0.0.0.0  |  255.255.255.0  |   enp0s8  |   U   |
[   20.101218] cloud-init[731]: ci-info: +-------+--------------+----------+-----------------+-----------+-------+
[   20.103225] cloud-init[731]: ci-info: +++++++++++++++++++Route IPv6 info+++++++++++++++++++
[   20.104925] cloud-init[731]: ci-info: +-------+-------------+---------+-----------+-------+
[   20.106489] cloud-init[731]: ci-info: | Route | Destination | Gateway | Interface | Flags |
[   20.108082] cloud-init[731]: ci-info: +-------+-------------+---------+-----------+-------+
[   20.110907] cloud-init[731]: ci-info: |   1   |  fe80::/64  |    ::   |   enp0s8  |   U   |
[   20.112624] cloud-init[731]: ci-info: |   2   |  fe80::/64  |    ::   |   enp0s3  |   U   |
[   20.114207] cloud-init[731]: ci-info: |   4   |    local    |    ::   |   enp0s3  |   U   |
[   20.115765] cloud-init[731]: ci-info: |   5   |    local    |    ::   |   enp0s8  |   U   |
[   20.117304] cloud-init[731]: ci-info: |   6   |   ff00::/8  |    ::   |   enp0s8  |   U   |
[   20.118845] cloud-init[731]: ci-info: |   7   |   ff00::/8  |    ::   |   enp0s3  |   U   |
[   20.120427] cloud-init[731]: ci-info: +-------+-------------+---------+-----------+-------+
[[0;32m  OK  [0m] Started Initial cloud-init job (metadata service crawler).
[[0;32m  OK  [0m] Reached target System Initialization.
[[0;32m  OK  [0m] Listening on UUID daemon activation socket.
[[0;32m  OK  [0m] Listening on ACPID Listen Socket.
[[0;32m  OK  [0m] Started Message of the Day.
[[0;32m  OK  [0m] Started Daily apt download activities.
[[0;32m  OK  [0m] Listening on D-Bus System Message Bus Socket.
         Starting LXD - unix socket.
[[0;32m  OK  [0m] Listening on Open-iSCSI iscsid Socket.
[[0;32m  OK  [0m] Started ACPI Events Check.
[[0;32m  OK  [0m] Started Daily apt upgrade and clean activities.
[[0;32m  OK  [0m] Started Discard unused blocks once a week.
[[0;32m  OK  [0m] Started Daily Cleanup of Temporary Directories.
[[0;32m  OK  [0m] Reached target Timers.
[[0;32m  OK  [0m] Reached target Paths.
         Starting Socket activation for snappy daemon.
[[0;32m  OK  [0m] Reached target Cloud-config availability.
[[0;32m  OK  [0m] Reached target Network is Online.
         Starting Availability of block devices...
[[0;32m  OK  [0m] Reached target Remote File Systems (Pre).
[[0;32m  OK  [0m] Reached target Remote File Systems.
[[0;32m  OK  [0m] Listening on LXD - unix socket.
[[0;32m  OK  [0m] Listening on Socket activation for snappy daemon.
[[0;32m  OK  [0m] Started Availability of block devices.
[[0;32m  OK  [0m] Reached target Sockets.
[[0;32m  OK  [0m] Reached target Basic System.
         Starting Login Service...
         Starting LSB: Record successful boot for GRUB...
         Starting LSB: automatic crash report generation...
[[0;32m  OK  [0m] Started Deferred execution scheduler.
[[0;32m  OK  [0m] Started irqbalance daemon.
         Starting System Logging Service...
[[0;32m  OK  [0m] Started D-Bus System Message Bus.
[[0;32m  OK  [0m] Started Login Service.
[[0;32m  OK  [0m] Started Regular background program processing daemon.
         Starting Snappy daemon...
[[0;32m  OK  [0m] Started FUSE filesystem for LXC.
         Starting vboxadd.service...
         Starting Permit User Sessions...
[[0;32m  OK  [0m] Started Unattended Upgrades Shutdown.
         Starting Accounts Service...
         Starting OpenBSD Secure Shell server...
         Starting Dispatcher daemon for systemd-networkd...
         Starting LXD - container startup/shutdown...
[[0;32m  OK  [0m] Started System Logging Service.
[[0;32m  OK  [0m] Started Permit User Sessions.
         Starting Authorization Manager...
         Starting Terminate Plymouth Boot Screen...
         Starting Hold until boot process finishes up...
[[0;32m  OK  [0m] Started Hold until boot process finishes up.
[[0;32m  OK  [0m] Started Terminate Plymouth Boot Screen.
[[0;32m  OK  [0m] Started Serial Getty on ttyS0.
         Starting Set console scheme...
[[0;32m  OK  [0m] Started OpenBSD Secure Shell server.
[[0;32m  OK  [0m] Started LSB: Record successful boot for GRUB.
[[0;32m  OK  [0m] Started LSB: automatic crash report generation.
[[0;32m  OK  [0m] Started Set console scheme.
[[0;32m  OK  [0m] Started Authorization Manager.
[[0;32m  OK  [0m] Started Accounts Service.
[[0;32m  OK  [0m] Created slice system-getty.slice.
[[0;32m  OK  [0m] Started Getty on tty1.
[[0;32m  OK  [0m] Reached target Login Prompts.
[[0;32m  OK  [0m] Started Snappy daemon.
         Starting Wait until snapd is fully seeded...
[[0;32m  OK  [0m] Started Dispatcher daemon for systemd-networkd.
[[0;32m  OK  [0m] Started LXD - container startup/shutdown.
[[0;32m  OK  [0m] Started Wait until snapd is fully seeded.
[[0;32m  OK  [0m] Created slice User Slice of vagrant.
         Starting Apply the settings specified in cloud-config...
[[0;32m  OK  [0m] Started vboxadd.service.
         Starting User Manager for UID 1000...
         Starting vboxadd-service.service...
[[0;32m  OK  [0m] Started User Manager for UID 1000.
[[0;32m  OK  [0m] Started vboxadd-service.service.
[[0;32m  OK  [0m] Started Session 1 of user vagrant.
[[0;32m  OK  [0m] Reached target Multi-User System.
[[0;32m  OK  [0m] Reached target Graphical Interface.
[   21.565688]          Starting Update UTMP about System Runlevel Changes...
[[0;32m  OK  [0m] Started Apply the settings specified in cloud-config.
         Starting Execute cloud user/final scripts...
cloud-init[1221]: Cloud-init v. 19.1-1-gbaa47854-0ubuntu1~18.04.1 running 'modules:config' at Tue, 20 Aug 2019 05:48:06 +0000. Up 21.48 seconds.
[[0;32m  OK  [0m] Started Update UTMP about System Runlevel Changes.
[   22.095117] cloud-init[1333]: Cloud-init v. 19.1-1-gbaa47854-0ubuntu1~18.04.1 running 'modules:final' at Tue, 20 Aug 2019 05:48:06 +0000. Up 21.97 seconds.
[   22.240455] [cloud-init[0;32m  OK  [0m[1333]: ] Cloud-init v. 19.1-1-gbaa47854-0ubuntu1~18.04.1 finished at Tue, 20 Aug 2019 05:48:07 +0000. Datasource DataSourceNoCloud [seed=/dev/sdb][dsmode=net].  Up 22.09 secondsStarted Execute cloud user/final scripts.

         Starting Daily apt download activities...
[[0;32m  OK  [0m] Reached target Cloud-init target.
[[0;32m  OK  [0m] Stopped Wait for Network to be Configured.
         Stopping Network Service...
[[0;32m  OK  [0m] Stopped Network Service.
         Starting Network Service...
[[0;32m  OK  [0m] Started Network Service.
         Stopping User Manager for UID 1000...
[[0;32m  OK  [0m] Stopped User Manager for UID 1000.
[[0;32m  OK  [0m] Removed slice User Slice of vagrant.

Ubuntu 18.04.2 LTS ubuntu-bionic ttyS0

ubuntu-bionic login: 